CRITICAL - 2024-06-01 22:21:41 --> A non-numeric value encountered
#0 /home/u1589757/public_html/digision.id/cocodream/app/Controllers/Pasien.php(161): CodeIgniter\Debug\Exceptions->errorHandler(2, 'A non-numeric v...', '/home/u1589757/...', 161, Array)
#1 /home/u1589757/public_html/digision.id/cocodream/system/CodeIgniter.php(936): App\Controllers\Pasien->ajax_get('list_pasien')
#2 /home/u1589757/public_html/digision.id/cocodream/system/CodeIgniter.php(432): CodeIgniter\CodeIgniter->runController(Object(App\Controllers\Pasien))
#3 /home/u1589757/public_html/digision.id/cocodream/system/CodeIgniter.php(333): CodeIgniter\CodeIgniter->handleRequest(NULL, Object(Config\Cache), false)
#4 /home/u1589757/public_html/digision.id/cocodream/public/index.php(44): CodeIgniter\CodeIgniter->run()
#5 {main}
CRITICAL - 2024-06-01 22:21:59 --> A non-numeric value encountered
#0 /home/u1589757/public_html/digision.id/cocodream/app/Controllers/Pasien.php(161): CodeIgniter\Debug\Exceptions->errorHandler(2, 'A non-numeric v...', '/home/u1589757/...', 161, Array)
#1 /home/u1589757/public_html/digision.id/cocodream/system/CodeIgniter.php(936): App\Controllers\Pasien->ajax_get('list_pasien')
#2 /home/u1589757/public_html/digision.id/cocodream/system/CodeIgniter.php(432): CodeIgniter\CodeIgniter->runController(Object(App\Controllers\Pasien))
#3 /home/u1589757/public_html/digision.id/cocodream/system/CodeIgniter.php(333): CodeIgniter\CodeIgniter->handleRequest(NULL, Object(Config\Cache), false)
#4 /home/u1589757/public_html/digision.id/cocodream/public/index.php(44): CodeIgniter\CodeIgniter->run()
#5 {main}
CRITICAL - 2024-06-01 22:22:40 --> Trying to access array offset on value of type null
#0 /home/u1589757/public_html/digision.id/cocodream/app/Models/Model_pasien.php(62): CodeIgniter\Debug\Exceptions->errorHandler(8, 'Trying to acces...', '/home/u1589757/...', 62, Array)
#1 /home/u1589757/public_html/digision.id/cocodream/app/Controllers/Pasien.php(142): App\Models\Model_pasien->getDatatables()
#2 /home/u1589757/public_html/digision.id/cocodream/system/CodeIgniter.php(936): App\Controllers\Pasien->ajax_get('list_pasien')
#3 /home/u1589757/public_html/digision.id/cocodream/system/CodeIgniter.php(432): CodeIgniter\CodeIgniter->runController(Object(App\Controllers\Pasien))
#4 /home/u1589757/public_html/digision.id/cocodream/system/CodeIgniter.php(333): CodeIgniter\CodeIgniter->handleRequest(NULL, Object(Config\Cache), false)
#5 /home/u1589757/public_html/digision.id/cocodream/public/index.php(44): CodeIgniter\CodeIgniter->run()
#6 {main}
CRITICAL - 2024-06-01 22:23:00 --> A non-numeric value encountered
#0 /home/u1589757/public_html/digision.id/cocodream/app/Controllers/Pasien.php(161): CodeIgniter\Debug\Exceptions->errorHandler(2, 'A non-numeric v...', '/home/u1589757/...', 161, Array)
#1 /home/u1589757/public_html/digision.id/cocodream/system/CodeIgniter.php(936): App\Controllers\Pasien->ajax_get('list_pasien')
#2 /home/u1589757/public_html/digision.id/cocodream/system/CodeIgniter.php(432): CodeIgniter\CodeIgniter->runController(Object(App\Controllers\Pasien))
#3 /home/u1589757/public_html/digision.id/cocodream/system/CodeIgniter.php(333): CodeIgniter\CodeIgniter->handleRequest(NULL, Object(Config\Cache), false)
#4 /home/u1589757/public_html/digision.id/cocodream/public/index.php(44): CodeIgniter\CodeIgniter->run()
#5 {main}
CRITICAL - 2024-06-01 22:23:17 --> A non-numeric value encountered
#0 /home/u1589757/public_html/digision.id/cocodream/app/Controllers/Karyawan.php(175): CodeIgniter\Debug\Exceptions->errorHandler(2, 'A non-numeric v...', '/home/u1589757/...', 175, Array)
#1 /home/u1589757/public_html/digision.id/cocodream/system/CodeIgniter.php(936): App\Controllers\Karyawan->ajax_get('list_karyawan')
#2 /home/u1589757/public_html/digision.id/cocodream/system/CodeIgniter.php(432): CodeIgniter\CodeIgniter->runController(Object(App\Controllers\Karyawan))
#3 /home/u1589757/public_html/digision.id/cocodream/system/CodeIgniter.php(333): CodeIgniter\CodeIgniter->handleRequest(NULL, Object(Config\Cache), false)
#4 /home/u1589757/public_html/digision.id/cocodream/public/index.php(44): CodeIgniter\CodeIgniter->run()
#5 {main}
CRITICAL - 2024-06-01 22:27:56 --> A non-numeric value encountered
#0 /home/u1589757/public_html/digision.id/cocodream/app/Controllers/Karyawan.php(175): CodeIgniter\Debug\Exceptions->errorHandler(2, 'A non-numeric v...', '/home/u1589757/...', 175, Array)
#1 /home/u1589757/public_html/digision.id/cocodream/system/CodeIgniter.php(936): App\Controllers\Karyawan->ajax_get('list_karyawan')
#2 /home/u1589757/public_html/digision.id/cocodream/system/CodeIgniter.php(432): CodeIgniter\CodeIgniter->runController(Object(App\Controllers\Karyawan))
#3 /home/u1589757/public_html/digision.id/cocodream/system/CodeIgniter.php(333): CodeIgniter\CodeIgniter->handleRequest(NULL, Object(Config\Cache), false)
#4 /home/u1589757/public_html/digision.id/cocodream/public/index.php(44): CodeIgniter\CodeIgniter->run()
#5 {main}
CRITICAL - 2024-06-01 22:27:58 --> A non-numeric value encountered
#0 /home/u1589757/public_html/digision.id/cocodream/app/Controllers/Karyawan.php(175): CodeIgniter\Debug\Exceptions->errorHandler(2, 'A non-numeric v...', '/home/u1589757/...', 175, Array)
#1 /home/u1589757/public_html/digision.id/cocodream/system/CodeIgniter.php(936): App\Controllers\Karyawan->ajax_get('list_karyawan')
#2 /home/u1589757/public_html/digision.id/cocodream/system/CodeIgniter.php(432): CodeIgniter\CodeIgniter->runController(Object(App\Controllers\Karyawan))
#3 /home/u1589757/public_html/digision.id/cocodream/system/CodeIgniter.php(333): CodeIgniter\CodeIgniter->handleRequest(NULL, Object(Config\Cache), false)
#4 /home/u1589757/public_html/digision.id/cocodream/public/index.php(44): CodeIgniter\CodeIgniter->run()
#5 {main}
CRITICAL - 2024-06-01 22:28:32 --> A non-numeric value encountered
#0 /home/u1589757/public_html/digision.id/cocodream/app/Controllers/Karyawan.php(175): CodeIgniter\Debug\Exceptions->errorHandler(2, 'A non-numeric v...', '/home/u1589757/...', 175, Array)
#1 /home/u1589757/public_html/digision.id/cocodream/system/CodeIgniter.php(936): App\Controllers\Karyawan->ajax_get('list_karyawan')
#2 /home/u1589757/public_html/digision.id/cocodream/system/CodeIgniter.php(432): CodeIgniter\CodeIgniter->runController(Object(App\Controllers\Karyawan))
#3 /home/u1589757/public_html/digision.id/cocodream/system/CodeIgniter.php(333): CodeIgniter\CodeIgniter->handleRequest(NULL, Object(Config\Cache), false)
#4 /home/u1589757/public_html/digision.id/cocodream/public/index.php(44): CodeIgniter\CodeIgniter->run()
#5 {main}
